<?xml version="1.0" encoding="UTF-8"?>
<!-- Generated by org.testng.reporters.JUnitXMLReporter -->
<testsuite ignored="2" hostname="DESKTOP-PS5RBSG" failures="0" tests="3" name="Command line test" time="13.597" errors="0" timestamp="2022-05-31T08:42:57 IST">
  <testcase classname="tests.EmailGoogleTest" name="searchtest" time="4.074"/>
  <testcase classname="tests.EmailGoogleTest" name="searchtestnew" time="2.814"/>
  <testcase classname="tests.SearchGoogleTest" name="searchtest" time="2.108"/>
  <testcase classname="init.InintClass" name="@AfterTest closeDriver" time="0.0">
    <ignored/>
  </testcase> <!-- @AfterTest closeDriver -->
  <testcase classname="init.InintClass" name="@BeforeTest launchBrowser" time="0.0">
    <ignored/>
  </testcase> <!-- @BeforeTest launchBrowser -->
</testsuite> <!-- Command line test -->
