<?xml version="1.0" encoding="UTF-8"?>
<testng-results ignored="0" total="2" passed="2" failed="0" skipped="0">
  <reporter-output>
  </reporter-output>
  <suite started-at="2022-06-19T07:29:55 IST" name="Default suite" finished-at="2022-06-19T07:30:22 IST" duration-ms="27188">
    <groups>
    </groups>
    <test started-at="2022-06-19T07:29:55 IST" name="Default test" finished-at="2022-06-19T07:30:22 IST" duration-ms="27188">
      <class name="tests.EmailGoogleTest">
        <test-method is-config="true" signature="launchBrowser()[pri:0, instance:tests.EmailGoogleTest@169e6180]" started-at="2022-06-19T07:29:55 IST" name="launchBrowser" finished-at="2022-06-19T07:30:03 IST" duration-ms="7990" status="PASS">
          <reporter-output>
          </reporter-output>
        </test-method> <!-- launchBrowser -->
        <test-method is-config="true" signature="beforeMethod()[pri:0, instance:tests.EmailGoogleTest@169e6180]" started-at="2022-06-19T07:30:03 IST" name="beforeMethod" finished-at="2022-06-19T07:30:07 IST" duration-ms="3814" status="PASS">
          <reporter-output>
          </reporter-output>
        </test-method> <!-- beforeMethod -->
        <test-method signature="searchtest()[pri:0, instance:tests.EmailGoogleTest@169e6180]" started-at="2022-06-19T07:30:07 IST" name="searchtest" finished-at="2022-06-19T07:30:15 IST" duration-ms="7938" status="PASS">
          <reporter-output>
          </reporter-output>
        </test-method> <!-- searchtest -->
        <test-method is-config="true" signature="beforeMethod()[pri:0, instance:tests.EmailGoogleTest@169e6180]" started-at="2022-06-19T07:30:15 IST" name="beforeMethod" finished-at="2022-06-19T07:30:16 IST" duration-ms="1696" status="PASS">
          <reporter-output>
          </reporter-output>
        </test-method> <!-- beforeMethod -->
        <test-method signature="searchtestnew()[pri:0, instance:tests.EmailGoogleTest@169e6180]" started-at="2022-06-19T07:30:16 IST" name="searchtestnew" finished-at="2022-06-19T07:30:20 IST" duration-ms="4058" status="PASS">
          <reporter-output>
          </reporter-output>
        </test-method> <!-- searchtestnew -->
        <test-method is-config="true" signature="closeDriver()[pri:0, instance:tests.EmailGoogleTest@169e6180]" started-at="2022-06-19T07:30:20 IST" name="closeDriver" finished-at="2022-06-19T07:30:22 IST" duration-ms="1516" status="PASS">
          <reporter-output>
          </reporter-output>
        </test-method> <!-- closeDriver -->
      </class> <!-- tests.EmailGoogleTest -->
    </test> <!-- Default test -->
  </suite> <!-- Default suite -->
</testng-results>
