<?xml version="1.0" encoding="UTF-8"?>
<testng-results ignored="1" total="2" passed="1" failed="0" skipped="0">
  <reporter-output>
  </reporter-output>
  <suite started-at="2022-06-01T07:15:25 IST" name="Default suite" finished-at="2022-06-01T07:15:33 IST" duration-ms="8742">
    <groups>
    </groups>
    <test started-at="2022-06-01T07:15:25 IST" name="Default test" finished-at="2022-06-01T07:15:33 IST" duration-ms="8742">
      <class name="tests.EmailGoogleTest">
        <test-method is-config="true" signature="launchBrowser()[pri:0, instance:tests.EmailGoogleTest@3f6b0be5]" started-at="2022-06-01T07:15:25 IST" name="launchBrowser" finished-at="2022-06-01T07:15:27 IST" duration-ms="2802" status="PASS">
          <reporter-output>
          </reporter-output>
        </test-method> <!-- launchBrowser -->
        <test-method is-config="true" signature="beforeMethod()[pri:0, instance:tests.EmailGoogleTest@3f6b0be5]" started-at="2022-06-01T07:15:27 IST" name="beforeMethod" finished-at="2022-06-01T07:15:29 IST" duration-ms="1370" status="PASS">
          <reporter-output>
          </reporter-output>
        </test-method> <!-- beforeMethod -->
        <test-method signature="searchtestnew()[pri:0, instance:tests.EmailGoogleTest@3f6b0be5]" started-at="2022-06-01T07:15:29 IST" name="searchtestnew" finished-at="2022-06-01T07:15:33 IST" duration-ms="4218" status="PASS">
          <reporter-output>
          </reporter-output>
        </test-method> <!-- searchtestnew -->
        <test-method is-config="true" signature="closeDriver()[pri:0, instance:tests.EmailGoogleTest@3f6b0be5]" started-at="2022-06-01T07:15:33 IST" name="closeDriver" finished-at="2022-06-01T07:15:33 IST" duration-ms="309" status="PASS">
          <reporter-output>
          </reporter-output>
        </test-method> <!-- closeDriver -->
      </class> <!-- tests.EmailGoogleTest -->
    </test> <!-- Default test -->
  </suite> <!-- Default suite -->
</testng-results>
